<?xml version="1.0" encoding="UTF-8"?>
<testng-results ignored="0" total="1" passed="1" failed="0" skipped="0">
  <reporter-output>
  </reporter-output>
  <suite started-at="2026-04-21T13:50:25 BST" name="Default suite" finished-at="2026-04-21T13:57:05 BST" duration-ms="399908">
    <groups>
    </groups>
    <test started-at="2026-04-21T13:50:25 BST" name="Default test" finished-at="2026-04-21T13:57:05 BST" duration-ms="399908">
      <class name="TestFileJson.JsonTest">
        <test-method is-config="true" signature="beforeMethod()[pri:0, instance:TestFileJson.JsonTest@52af26ee]" started-at="2026-04-21T13:50:25 BST" name="beforeMethod" finished-at="2026-04-21T13:50:41 BST" duration-ms="15983" status="PASS">
          <reporter-output>
          </reporter-output>
        </test-method> <!-- beforeMethod -->
        <test-method signature="f()[pri:0, instance:TestFileJson.JsonTest@52af26ee]" started-at="2026-04-21T13:50:41 BST" name="f" finished-at="2026-04-21T13:57:04 BST" duration-ms="383627" status="PASS">
          <reporter-output>
          </reporter-output>
        </test-method> <!-- f -->
        <test-method is-config="true" signature="afterMethod()[pri:0, instance:TestFileJson.JsonTest@52af26ee]" started-at="2026-04-21T13:57:04 BST" name="afterMethod" finished-at="2026-04-21T13:57:05 BST" duration-ms="221" status="PASS">
          <reporter-output>
          </reporter-output>
        </test-method> <!-- afterMethod -->
      </class> <!-- TestFileJson.JsonTest -->
    </test> <!-- Default test -->
  </suite> <!-- Default suite -->
</testng-results>
