<?xml version="1.0" encoding="UTF-8"?>
<testng-results ignored="0" total="1" passed="1" failed="0" skipped="0">
  <reporter-output>
  </reporter-output>
  <suite started-at="2026-04-14T17:33:29 BST" name="Default suite" finished-at="2026-04-14T17:35:12 BST" duration-ms="103269">
    <groups>
    </groups>
    <test started-at="2026-04-14T17:33:29 BST" name="Default test" finished-at="2026-04-14T17:35:12 BST" duration-ms="103269">
      <class name="HybridJsonSelFrameTest.JsonSelTestSat.DeserializationTest">
        <test-method is-config="true" signature="beforeMethod()[pri:0, instance:HybridJsonSelFrameTest.JsonSelTestSat.DeserializationTest@e15b7e8]" started-at="2026-04-14T17:33:29 BST" name="beforeMethod" finished-at="2026-04-14T17:35:05 BST" duration-ms="95430" status="PASS">
          <reporter-output>
          </reporter-output>
        </test-method> <!-- beforeMethod -->
        <test-method signature="f()[pri:0, instance:HybridJsonSelFrameTest.JsonSelTestSat.DeserializationTest@e15b7e8]" started-at="2026-04-14T17:35:05 BST" name="f" finished-at="2026-04-14T17:35:12 BST" duration-ms="7520" status="PASS">
          <reporter-output>
          </reporter-output>
        </test-method> <!-- f -->
        <test-method is-config="true" signature="afterMethod()[pri:0, instance:HybridJsonSelFrameTest.JsonSelTestSat.DeserializationTest@e15b7e8]" started-at="2026-04-14T17:35:12 BST" name="afterMethod" finished-at="2026-04-14T17:35:12 BST" duration-ms="243" status="PASS">
          <reporter-output>
          </reporter-output>
        </test-method> <!-- afterMethod -->
      </class> <!-- HybridJsonSelFrameTest.JsonSelTestSat.DeserializationTest -->
    </test> <!-- Default test -->
  </suite> <!-- Default suite -->
</testng-results>
