<?xml version="1.0" encoding="UTF-8"?>
<!-- Generated by org.testng.reporters.JUnitReportReporter -->
<testsuite hostname="Udaras-MacBook-Air.local" failures="0" tests="1" name="HybridJsonSelFrameTest.JsonSelTestSat.Deserialization" time="41.382" errors="0" timestamp="2026-03-14T16:36:32 GMT" skipped="0">
  <testcase classname="HybridJsonSelFrameTest.JsonSelTestSat.Deserialization" name="f" time="41.382"/>
  <system-out/>
</testsuite> <!-- HybridJsonSelFrameTest.JsonSelTestSat.Deserialization -->
