<?xml version="1.0" encoding="UTF-8"?>
<!-- Generated by org.testng.reporters.JUnitReportReporter -->
<testsuite hostname="Udaras-Air.broadband" failures="0" tests="1" name="HybridJsonSelFrameTest.JsonSelTestSat.DeserializationTest" time="103.193" errors="0" timestamp="2026-04-14T17:35:13 BST" skipped="0">
  <testcase classname="HybridJsonSelFrameTest.JsonSelTestSat.DeserializationTest" name="f" time="103.193"/>
  <system-out/>
</testsuite> <!-- HybridJsonSelFrameTest.JsonSelTestSat.DeserializationTest -->
