<?xml version="1.0" encoding="UTF-8"?>
<testng-results ignored="0" total="1" passed="1" failed="0" skipped="0">
  <reporter-output>
  </reporter-output>
  <suite started-at="2026-03-14T18:10:37 GMT" name="Default suite" finished-at="2026-03-14T18:11:00 GMT" duration-ms="22965">
    <groups>
    </groups>
    <test started-at="2026-03-14T18:10:37 GMT" name="Default test" finished-at="2026-03-14T18:11:00 GMT" duration-ms="22965">
      <class name="RestAssuredBasic.RestAssuredSimple.RestAssT">
        <test-method is-config="true" signature="beforeMethod()[pri:0, instance:RestAssuredBasic.RestAssuredSimple.RestAssT@74751b3]" started-at="2026-03-14T18:10:37 GMT" name="beforeMethod" finished-at="2026-03-14T18:10:52 GMT" duration-ms="14440" status="PASS">
          <reporter-output>
          </reporter-output>
        </test-method> <!-- beforeMethod -->
        <test-method signature="f()[pri:0, instance:RestAssuredBasic.RestAssuredSimple.RestAssT@74751b3]" started-at="2026-03-14T18:10:52 GMT" name="f" finished-at="2026-03-14T18:11:00 GMT" duration-ms="8268" status="PASS">
          <reporter-output>
          </reporter-output>
        </test-method> <!-- f -->
        <test-method is-config="true" signature="afterMethod()[pri:0, instance:RestAssuredBasic.RestAssuredSimple.RestAssT@74751b3]" started-at="2026-03-14T18:11:00 GMT" name="afterMethod" finished-at="2026-03-14T18:11:00 GMT" duration-ms="192" status="PASS">
          <reporter-output>
          </reporter-output>
        </test-method> <!-- afterMethod -->
      </class> <!-- RestAssuredBasic.RestAssuredSimple.RestAssT -->
    </test> <!-- Default test -->
  </suite> <!-- Default suite -->
</testng-results>
